#! /usr/bin/vvp
:ivl_version "11.0 (stable)";
:ivl_delay_selection "TYPICAL";
:vpi_time_precision + 0;
:vpi_module "/usr/lib/x86_64-linux-gnu/ivl/system.vpi";
:vpi_module "/usr/lib/x86_64-linux-gnu/ivl/vhdl_sys.vpi";
:vpi_module "/usr/lib/x86_64-linux-gnu/ivl/vhdl_textio.vpi";
:vpi_module "/usr/lib/x86_64-linux-gnu/ivl/v2005_math.vpi";
:vpi_module "/usr/lib/x86_64-linux-gnu/ivl/va_math.vpi";
S_0x6010ca11bcf0 .scope module, "mux_tb" "mux_tb" 2 1;
 .timescale 0 0;
v0x6010ca16e720_0 .var "c0_tb", 0 0;
v0x6010ca16e7e0_0 .var "c1_tb", 0 0;
v0x6010ca16e880_0 .net "m_tb", 0 0, v0x6010ca16e250_0;  1 drivers
v0x6010ca16e950_0 .var "x0_tb", 0 0;
v0x6010ca16ea20_0 .var "x1_tb", 0 0;
v0x6010ca16eb10_0 .var "x2_tb", 0 0;
v0x6010ca16ebe0_0 .var "x3_tb", 0 0;
S_0x6010ca11be80 .scope module, "u_mux" "mux" 2 12, 3 1 0, S_0x6010ca11bcf0;
 .timescale 0 0;
    .port_info 0 /INPUT 1 "x0";
    .port_info 1 /INPUT 1 "x1";
    .port_info 2 /INPUT 1 "x2";
    .port_info 3 /INPUT 1 "x3";
    .port_info 4 /INPUT 1 "c0";
    .port_info 5 /INPUT 1 "c1";
    .port_info 6 /OUTPUT 1 "m";
v0x6010ca11d7b0_0 .net "c0", 0 0, v0x6010ca16e720_0;  1 drivers
v0x6010ca11dba0_0 .net "c1", 0 0, v0x6010ca16e7e0_0;  1 drivers
v0x6010ca16e250_0 .var "m", 0 0;
v0x6010ca16e2f0_0 .net "x0", 0 0, v0x6010ca16e950_0;  1 drivers
v0x6010ca16e3b0_0 .net "x1", 0 0, v0x6010ca16ea20_0;  1 drivers
v0x6010ca16e4c0_0 .net "x2", 0 0, v0x6010ca16eb10_0;  1 drivers
v0x6010ca16e580_0 .net "x3", 0 0, v0x6010ca16ebe0_0;  1 drivers
E_0x6010ca159c90/0 .event edge, v0x6010ca11d7b0_0, v0x6010ca11dba0_0, v0x6010ca16e2f0_0, v0x6010ca16e3b0_0;
E_0x6010ca159c90/1 .event edge, v0x6010ca16e4c0_0, v0x6010ca16e580_0;
E_0x6010ca159c90 .event/or E_0x6010ca159c90/0, E_0x6010ca159c90/1;
    .scope S_0x6010ca11be80;
T_0 ;
    %wait E_0x6010ca159c90;
    %load/vec4 v0x6010ca11d7b0_0;
    %pad/u 32;
    %pushi/vec4 0, 0, 32;
    %cmp/e;
    %flag_get/vec4 4;
    %load/vec4 v0x6010ca11dba0_0;
    %pad/u 32;
    %pushi/vec4 0, 0, 32;
    %cmp/e;
    %flag_get/vec4 4;
    %and;
    %flag_set/vec4 8;
    %jmp/0xz  T_0.0, 8;
    %load/vec4 v0x6010ca16e2f0_0;
    %store/vec4 v0x6010ca16e250_0, 0, 1;
    %jmp T_0.1;
T_0.0 ;
    %load/vec4 v0x6010ca11d7b0_0;
    %pad/u 32;
    %pushi/vec4 0, 0, 32;
    %cmp/e;
    %flag_get/vec4 4;
    %load/vec4 v0x6010ca11dba0_0;
    %pad/u 32;
    %pushi/vec4 1, 0, 32;
    %cmp/e;
    %flag_get/vec4 4;
    %and;
    %flag_set/vec4 8;
    %jmp/0xz  T_0.2, 8;
    %load/vec4 v0x6010ca16e3b0_0;
    %store/vec4 v0x6010ca16e250_0, 0, 1;
    %jmp T_0.3;
T_0.2 ;
    %load/vec4 v0x6010ca11d7b0_0;
    %pad/u 32;
    %pushi/vec4 1, 0, 32;
    %cmp/e;
    %flag_get/vec4 4;
    %load/vec4 v0x6010ca11dba0_0;
    %pad/u 32;
    %pushi/vec4 0, 0, 32;
    %cmp/e;
    %flag_get/vec4 4;
    %and;
    %flag_set/vec4 8;
    %jmp/0xz  T_0.4, 8;
    %load/vec4 v0x6010ca16e4c0_0;
    %store/vec4 v0x6010ca16e250_0, 0, 1;
    %jmp T_0.5;
T_0.4 ;
    %load/vec4 v0x6010ca11d7b0_0;
    %pad/u 32;
    %pushi/vec4 1, 0, 32;
    %cmp/e;
    %flag_get/vec4 4;
    %load/vec4 v0x6010ca11dba0_0;
    %pad/u 32;
    %pushi/vec4 1, 0, 32;
    %cmp/e;
    %flag_get/vec4 4;
    %and;
    %flag_set/vec4 8;
    %jmp/0xz  T_0.6, 8;
    %load/vec4 v0x6010ca16e580_0;
    %store/vec4 v0x6010ca16e250_0, 0, 1;
    %jmp T_0.7;
T_0.6 ;
    %pushi/vec4 0, 0, 1;
    %store/vec4 v0x6010ca16e250_0, 0, 1;
T_0.7 ;
T_0.5 ;
T_0.3 ;
T_0.1 ;
    %jmp T_0;
    .thread T_0, $push;
    .scope S_0x6010ca11bcf0;
T_1 ;
    %pushi/vec4 0, 0, 1;
    %store/vec4 v0x6010ca16e720_0, 0, 1;
    %pushi/vec4 0, 0, 1;
    %store/vec4 v0x6010ca16e7e0_0, 0, 1;
    %pushi/vec4 1, 0, 1;
    %store/vec4 v0x6010ca16e950_0, 0, 1;
    %pushi/vec4 1, 0, 1;
    %store/vec4 v0x6010ca16ea20_0, 0, 1;
    %pushi/vec4 0, 0, 1;
    %store/vec4 v0x6010ca16eb10_0, 0, 1;
    %pushi/vec4 0, 0, 1;
    %store/vec4 v0x6010ca16ebe0_0, 0, 1;
    %delay 5, 0;
    %pushi/vec4 0, 0, 1;
    %store/vec4 v0x6010ca16e720_0, 0, 1;
    %pushi/vec4 1, 0, 1;
    %store/vec4 v0x6010ca16e7e0_0, 0, 1;
    %pushi/vec4 1, 0, 1;
    %store/vec4 v0x6010ca16e950_0, 0, 1;
    %pushi/vec4 1, 0, 1;
    %store/vec4 v0x6010ca16ea20_0, 0, 1;
    %pushi/vec4 0, 0, 1;
    %store/vec4 v0x6010ca16eb10_0, 0, 1;
    %pushi/vec4 0, 0, 1;
    %store/vec4 v0x6010ca16ebe0_0, 0, 1;
    %delay 5, 0;
    %pushi/vec4 1, 0, 1;
    %store/vec4 v0x6010ca16e720_0, 0, 1;
    %pushi/vec4 0, 0, 1;
    %store/vec4 v0x6010ca16e7e0_0, 0, 1;
    %pushi/vec4 1, 0, 1;
    %store/vec4 v0x6010ca16e950_0, 0, 1;
    %pushi/vec4 1, 0, 1;
    %store/vec4 v0x6010ca16ea20_0, 0, 1;
    %pushi/vec4 0, 0, 1;
    %store/vec4 v0x6010ca16eb10_0, 0, 1;
    %pushi/vec4 1, 0, 1;
    %store/vec4 v0x6010ca16ebe0_0, 0, 1;
    %delay 5, 0;
    %pushi/vec4 1, 0, 1;
    %store/vec4 v0x6010ca16e720_0, 0, 1;
    %pushi/vec4 1, 0, 1;
    %store/vec4 v0x6010ca16e7e0_0, 0, 1;
    %pushi/vec4 1, 0, 1;
    %store/vec4 v0x6010ca16e950_0, 0, 1;
    %pushi/vec4 1, 0, 1;
    %store/vec4 v0x6010ca16ea20_0, 0, 1;
    %pushi/vec4 0, 0, 1;
    %store/vec4 v0x6010ca16eb10_0, 0, 1;
    %pushi/vec4 1, 0, 1;
    %store/vec4 v0x6010ca16ebe0_0, 0, 1;
    %delay 5, 0;
    %end;
    .thread T_1;
    .scope S_0x6010ca11bcf0;
T_2 ;
    %vpi_call 2 55 "$dumpfile", "/home/sheikhzaid/MyTasks/Verilog/MUXcondBystatements/temp/MuxIFELSE.vcd" {0 0 0};
    %vpi_call 2 56 "$dumpvars", 32'sb00000000000000000000000000000000, S_0x6010ca11bcf0 {0 0 0};
    %end;
    .thread T_2;
# The file index is used to find the file name in the following table.
:file_names 4;
    "N/A";
    "<interactive>";
    "/home/sheikhzaid/MyTasks/Verilog/MUXcondBystatements/tb/MuxIFELSE_tb.v";
    "/home/sheikhzaid/MyTasks/Verilog/MUXcondBystatements/src/MuxIFELSE.v";
