#! /usr/bin/vvp
:ivl_version "12.0 (stable)";
:ivl_delay_selection "TYPICAL";
:vpi_time_precision + 0;
:vpi_module "/usr/lib/x86_64-linux-gnu/ivl/system.vpi";
:vpi_module "/usr/lib/x86_64-linux-gnu/ivl/vhdl_sys.vpi";
:vpi_module "/usr/lib/x86_64-linux-gnu/ivl/vhdl_textio.vpi";
:vpi_module "/usr/lib/x86_64-linux-gnu/ivl/v2005_math.vpi";
:vpi_module "/usr/lib/x86_64-linux-gnu/ivl/va_math.vpi";
S_0x562c6273cb80 .scope module, "FSM_tb" "FSM_tb" 2 1;
 .timescale 0 0;
v0x562c6276ce90_0 .var "busy", 0 0;
v0x562c6276cfa0_0 .var "clk", 0 0;
v0x562c6276d060_0 .var "data", 4 0;
v0x562c6276d150_0 .var "reset", 0 0;
v0x562c6276d240_0 .var "tx", 0 0;
S_0x562c6274ee30 .scope module, "u_FSM" "FSM" 2 9, 3 1 0, S_0x562c6273cb80;
 .timescale 0 0;
    .port_info 0 /INPUT 1 "clk";
    .port_info 1 /INPUT 1 "rst";
    .port_info 2 /INPUT 1 "busy";
    .port_info 3 /INPUT 1 "tx";
    .port_info 4 /INPUT 5 "data";
v0x562c6276c7c0_0 .net "a", 0 0, v0x562c6276b830_0;  1 drivers
v0x562c6276c880_0 .net "b", 0 0, v0x562c6276c630_0;  1 drivers
v0x562c6276c990_0 .net "busy", 0 0, v0x562c6276ce90_0;  1 drivers
v0x562c6276ca30_0 .net "c", 4 0, v0x562c6276c140_0;  1 drivers
v0x562c6276cb20_0 .net "clk", 0 0, v0x562c6276cfa0_0;  1 drivers
v0x562c6276cc60_0 .net "data", 4 0, v0x562c6276d060_0;  1 drivers
v0x562c6276cd00_0 .net "rst", 0 0, v0x562c6276d150_0;  1 drivers
v0x562c6276cda0_0 .net "tx", 0 0, v0x562c6276d240_0;  1 drivers
S_0x562c6274f010 .scope module, "u_receiver_state" "receiver_state" 3 24, 4 1 0, S_0x562c6274ee30;
 .timescale 0 0;
    .port_info 0 /INPUT 1 "valid_i";
    .port_info 1 /INPUT 5 "data_i";
    .port_info 2 /INPUT 1 "busy";
    .port_info 3 /OUTPUT 1 "ready_o";
    .port_info 4 /INPUT 1 "clk";
v0x562c62752370_0 .net "busy", 0 0, v0x562c6276ce90_0;  alias, 1 drivers
v0x562c6276b5a0_0 .net "clk", 0 0, v0x562c6276cfa0_0;  alias, 1 drivers
v0x562c6276b660_0 .net "data_i", 4 0, v0x562c6276c140_0;  alias, 1 drivers
v0x562c6276b750_0 .var "data_s", 4 0;
v0x562c6276b830_0 .var "ready_o", 0 0;
v0x562c6276b940_0 .net "valid_i", 0 0, v0x562c6276c630_0;  alias, 1 drivers
E_0x562c6274d920 .event anyedge, v0x562c6276b940_0, v0x562c62752370_0;
E_0x562c6274d060 .event posedge, v0x562c6276b5a0_0;
S_0x562c6276baa0 .scope module, "u_transmission_state" "transmission_state" 3 14, 5 1 0, S_0x562c6274ee30;
 .timescale 0 0;
    .port_info 0 /INPUT 1 "clk";
    .port_info 1 /INPUT 1 "rst";
    .port_info 2 /INPUT 1 "ready_i";
    .port_info 3 /INPUT 1 "tx";
    .port_info 4 /INPUT 5 "data";
    .port_info 5 /OUTPUT 1 "valid_o";
    .port_info 6 /OUTPUT 5 "data_o";
P_0x562c6276bca0 .param/l "TX" 1 5 11, C4<01>;
P_0x562c6276bce0 .param/l "idle" 1 5 10, C4<00>;
P_0x562c6276bd20 .param/l "valid" 1 5 12, C4<10>;
v0x562c6276bfc0_0 .net "clk", 0 0, v0x562c6276cfa0_0;  alias, 1 drivers
v0x562c6276c080_0 .net "data", 4 0, v0x562c6276d060_0;  alias, 1 drivers
v0x562c6276c140_0 .var "data_o", 4 0;
v0x562c6276c240_0 .var "next_state", 1 0;
v0x562c6276c300_0 .net "ready_i", 0 0, v0x562c6276b830_0;  alias, 1 drivers
v0x562c6276c3f0_0 .net "rst", 0 0, v0x562c6276d150_0;  alias, 1 drivers
v0x562c6276c490_0 .var "state", 1 0;
v0x562c6276c570_0 .net "tx", 0 0, v0x562c6276d240_0;  alias, 1 drivers
v0x562c6276c630_0 .var "valid_o", 0 0;
E_0x562c62734250 .event anyedge, v0x562c6276c490_0, v0x562c6276c570_0, v0x562c6276c080_0, v0x562c6276b830_0;
E_0x562c6273cf80/0 .event negedge, v0x562c6276c3f0_0;
E_0x562c6273cf80/1 .event posedge, v0x562c6276b5a0_0;
E_0x562c6273cf80 .event/or E_0x562c6273cf80/0, E_0x562c6273cf80/1;
    .scope S_0x562c6276baa0;
T_0 ;
    %wait E_0x562c6273cf80;
    %load/vec4 v0x562c6276c3f0_0;
    %inv;
    %flag_set/vec4 8;
    %jmp/0xz  T_0.0, 8;
    %pushi/vec4 0, 0, 2;
    %assign/vec4 v0x562c6276c490_0, 0;
    %jmp T_0.1;
T_0.0 ;
    %load/vec4 v0x562c6276c240_0;
    %assign/vec4 v0x562c6276c490_0, 0;
T_0.1 ;
    %jmp T_0;
    .thread T_0;
    .scope S_0x562c6276baa0;
T_1 ;
    %wait E_0x562c62734250;
    %load/vec4 v0x562c6276c490_0;
    %dup/vec4;
    %pushi/vec4 0, 0, 2;
    %cmp/u;
    %jmp/1 T_1.0, 6;
    %dup/vec4;
    %pushi/vec4 1, 0, 2;
    %cmp/u;
    %jmp/1 T_1.1, 6;
    %dup/vec4;
    %pushi/vec4 2, 0, 2;
    %cmp/u;
    %jmp/1 T_1.2, 6;
    %jmp T_1.3;
T_1.0 ;
    %pushi/vec4 0, 0, 1;
    %store/vec4 v0x562c6276c630_0, 0, 1;
    %pushi/vec4 1, 0, 2;
    %store/vec4 v0x562c6276c240_0, 0, 2;
    %jmp T_1.3;
T_1.1 ;
    %pushi/vec4 0, 0, 1;
    %store/vec4 v0x562c6276c630_0, 0, 1;
    %load/vec4 v0x562c6276c570_0;
    %flag_set/vec4 8;
    %jmp/0 T_1.4, 8;
    %pushi/vec4 2, 0, 2;
    %jmp/1 T_1.5, 8;
T_1.4 ; End of true expr.
    %pushi/vec4 1, 0, 2;
    %jmp/0 T_1.5, 8;
 ; End of false expr.
    %blend;
T_1.5;
    %store/vec4 v0x562c6276c240_0, 0, 2;
    %jmp T_1.3;
T_1.2 ;
    %pushi/vec4 1, 0, 1;
    %store/vec4 v0x562c6276c630_0, 0, 1;
    %load/vec4 v0x562c6276c080_0;
    %store/vec4 v0x562c6276c140_0, 0, 5;
    %load/vec4 v0x562c6276c300_0;
    %flag_set/vec4 8;
    %jmp/0 T_1.6, 8;
    %pushi/vec4 1, 0, 2;
    %jmp/1 T_1.7, 8;
T_1.6 ; End of true expr.
    %pushi/vec4 2, 0, 2;
    %jmp/0 T_1.7, 8;
 ; End of false expr.
    %blend;
T_1.7;
    %store/vec4 v0x562c6276c240_0, 0, 2;
    %jmp T_1.3;
T_1.3 ;
    %pop/vec4 1;
    %jmp T_1;
    .thread T_1, $push;
    .scope S_0x562c6274f010;
T_2 ;
    %wait E_0x562c6274d060;
    %load/vec4 v0x562c6276b940_0;
    %flag_set/vec4 9;
    %flag_get/vec4 9;
    %jmp/0 T_2.2, 9;
    %load/vec4 v0x562c62752370_0;
    %inv;
    %and;
T_2.2;
    %flag_set/vec4 8;
    %jmp/0xz  T_2.0, 8;
    %pushi/vec4 1, 0, 1;
    %assign/vec4 v0x562c6276b830_0, 0;
    %load/vec4 v0x562c6276b660_0;
    %store/vec4 v0x562c6276b750_0, 0, 5;
T_2.0 ;
    %jmp T_2;
    .thread T_2;
    .scope S_0x562c6274f010;
T_3 ;
    %wait E_0x562c6274d920;
    %load/vec4 v0x562c6276b940_0;
    %flag_set/vec4 9;
    %flag_get/vec4 9;
    %jmp/0 T_3.2, 9;
    %load/vec4 v0x562c62752370_0;
    %and;
T_3.2;
    %flag_set/vec4 8;
    %jmp/0xz  T_3.0, 8;
    %pushi/vec4 0, 0, 1;
    %store/vec4 v0x562c6276b830_0, 0, 1;
    %pushi/vec4 0, 0, 5;
    %store/vec4 v0x562c6276b750_0, 0, 5;
    %jmp T_3.1;
T_3.0 ;
    %pushi/vec4 0, 0, 1;
    %store/vec4 v0x562c6276b830_0, 0, 1;
    %pushi/vec4 0, 0, 5;
    %store/vec4 v0x562c6276b750_0, 0, 5;
T_3.1 ;
    %jmp T_3;
    .thread T_3, $push;
    .scope S_0x562c6273cb80;
T_4 ;
    %delay 5, 0;
    %load/vec4 v0x562c6276cfa0_0;
    %inv;
    %store/vec4 v0x562c6276cfa0_0, 0, 1;
    %jmp T_4;
    .thread T_4;
    .scope S_0x562c6273cb80;
T_5 ;
    %pushi/vec4 0, 0, 1;
    %store/vec4 v0x562c6276ce90_0, 0, 1;
    %pushi/vec4 0, 0, 1;
    %store/vec4 v0x562c6276cfa0_0, 0, 1;
    %pushi/vec4 1, 0, 1;
    %store/vec4 v0x562c6276d150_0, 0, 1;
    %pushi/vec4 2, 0, 5;
    %store/vec4 v0x562c6276d060_0, 0, 5;
    %pushi/vec4 0, 0, 1;
    %store/vec4 v0x562c6276d240_0, 0, 1;
    %delay 5, 0;
    %pushi/vec4 0, 0, 1;
    %store/vec4 v0x562c6276d150_0, 0, 1;
    %delay 5, 0;
    %pushi/vec4 1, 0, 1;
    %store/vec4 v0x562c6276d150_0, 0, 1;
    %delay 5, 0;
    %pushi/vec4 1, 0, 1;
    %store/vec4 v0x562c6276d240_0, 0, 1;
    %delay 20, 0;
    %pushi/vec4 0, 0, 1;
    %store/vec4 v0x562c6276d240_0, 0, 1;
    %pushi/vec4 1, 0, 1;
    %store/vec4 v0x562c6276ce90_0, 0, 1;
    %delay 10, 0;
    %pushi/vec4 0, 0, 1;
    %store/vec4 v0x562c6276ce90_0, 0, 1;
    %delay 100, 0;
    %vpi_call 2 39 "$finish" {0 0 0};
    %end;
    .thread T_5;
    .scope S_0x562c6273cb80;
T_6 ;
    %vpi_call 2 43 "$dumpfile", "temp/fsm.vcd" {0 0 0};
    %vpi_call 2 44 "$dumpvars", 32'sb00000000000000000000000000000000, S_0x562c6273cb80 {0 0 0};
    %end;
    .thread T_6;
# The file index is used to find the file name in the following table.
:file_names 6;
    "N/A";
    "<interactive>";
    "/mnt/c/Users/Dell/Verilog/verilog_practice_tasks/comb-seq/FSM/tb/fsm_tb.v";
    "/mnt/c/Users/Dell/Verilog/verilog_practice_tasks/comb-seq/FSM/src/fsm.v";
    "/mnt/c/Users/Dell/Verilog/verilog_practice_tasks/comb-seq/FSM/src/rx.v";
    "/mnt/c/Users/Dell/Verilog/verilog_practice_tasks/comb-seq/FSM/src/tx.v";
