#! /usr/bin/vvp
:ivl_version "11.0 (stable)";
:ivl_delay_selection "TYPICAL";
:vpi_time_precision + 0;
:vpi_module "/usr/lib/x86_64-linux-gnu/ivl/system.vpi";
:vpi_module "/usr/lib/x86_64-linux-gnu/ivl/vhdl_sys.vpi";
:vpi_module "/usr/lib/x86_64-linux-gnu/ivl/vhdl_textio.vpi";
:vpi_module "/usr/lib/x86_64-linux-gnu/ivl/v2005_math.vpi";
:vpi_module "/usr/lib/x86_64-linux-gnu/ivl/va_math.vpi";
S_0x5faf76f1aaf0 .scope module, "alu_tb" "alu_tb" 2 1;
 .timescale 0 0;
v0x5faf76f429e0_0 .var "a_tb", 3 0;
v0x5faf76f42ac0_0 .var "b_tb", 3 0;
v0x5faf76f42b90_0 .net "c_tb", 3 0, v0x5faf76f42760_0;  1 drivers
v0x5faf76f42c90_0 .var "sel_tb", 2 0;
S_0x5faf76ef2d90 .scope module, "u_alu" "alu" 2 9, 3 1 0, S_0x5faf76f1aaf0;
 .timescale 0 0;
    .port_info 0 /INPUT 4 "a";
    .port_info 1 /INPUT 4 "b";
    .port_info 2 /INPUT 3 "sel";
    .port_info 3 /OUTPUT 4 "c";
v0x5faf76ef4ba0_0 .net "a", 3 0, v0x5faf76f429e0_0;  1 drivers
v0x5faf76f42680_0 .net "b", 3 0, v0x5faf76f42ac0_0;  1 drivers
v0x5faf76f42760_0 .var "c", 3 0;
v0x5faf76f42850_0 .net "sel", 2 0, v0x5faf76f42c90_0;  1 drivers
E_0x5faf76f2f420 .event edge, v0x5faf76f42850_0, v0x5faf76ef4ba0_0, v0x5faf76f42680_0;
    .scope S_0x5faf76ef2d90;
T_0 ;
    %wait E_0x5faf76f2f420;
    %load/vec4 v0x5faf76f42850_0;
    %dup/vec4;
    %pushi/vec4 0, 0, 3;
    %cmp/u;
    %jmp/1 T_0.0, 6;
    %dup/vec4;
    %pushi/vec4 1, 0, 3;
    %cmp/u;
    %jmp/1 T_0.1, 6;
    %dup/vec4;
    %pushi/vec4 2, 0, 3;
    %cmp/u;
    %jmp/1 T_0.2, 6;
    %dup/vec4;
    %pushi/vec4 3, 0, 3;
    %cmp/u;
    %jmp/1 T_0.3, 6;
    %dup/vec4;
    %pushi/vec4 4, 0, 3;
    %cmp/u;
    %jmp/1 T_0.4, 6;
    %dup/vec4;
    %pushi/vec4 5, 0, 3;
    %cmp/u;
    %jmp/1 T_0.5, 6;
    %dup/vec4;
    %pushi/vec4 6, 0, 3;
    %cmp/u;
    %jmp/1 T_0.6, 6;
    %dup/vec4;
    %pushi/vec4 7, 0, 3;
    %cmp/u;
    %jmp/1 T_0.7, 6;
    %pushi/vec4 0, 0, 4;
    %store/vec4 v0x5faf76f42760_0, 0, 4;
    %jmp T_0.9;
T_0.0 ;
    %load/vec4 v0x5faf76ef4ba0_0;
    %load/vec4 v0x5faf76f42680_0;
    %and;
    %store/vec4 v0x5faf76f42760_0, 0, 4;
    %jmp T_0.9;
T_0.1 ;
    %load/vec4 v0x5faf76ef4ba0_0;
    %load/vec4 v0x5faf76f42680_0;
    %and;
    %nor/r;
    %pad/u 4;
    %store/vec4 v0x5faf76f42760_0, 0, 4;
    %jmp T_0.9;
T_0.2 ;
    %load/vec4 v0x5faf76ef4ba0_0;
    %load/vec4 v0x5faf76f42680_0;
    %or;
    %store/vec4 v0x5faf76f42760_0, 0, 4;
    %jmp T_0.9;
T_0.3 ;
    %load/vec4 v0x5faf76ef4ba0_0;
    %load/vec4 v0x5faf76f42680_0;
    %xor;
    %store/vec4 v0x5faf76f42760_0, 0, 4;
    %jmp T_0.9;
T_0.4 ;
    %load/vec4 v0x5faf76ef4ba0_0;
    %load/vec4 v0x5faf76f42680_0;
    %or;
    %nor/r;
    %pad/u 4;
    %store/vec4 v0x5faf76f42760_0, 0, 4;
    %jmp T_0.9;
T_0.5 ;
    %load/vec4 v0x5faf76ef4ba0_0;
    %load/vec4 v0x5faf76f42680_0;
    %xor;
    %nor/r;
    %pad/u 4;
    %store/vec4 v0x5faf76f42760_0, 0, 4;
    %jmp T_0.9;
T_0.6 ;
    %load/vec4 v0x5faf76ef4ba0_0;
    %load/vec4 v0x5faf76f42680_0;
    %add;
    %store/vec4 v0x5faf76f42760_0, 0, 4;
    %jmp T_0.9;
T_0.7 ;
    %load/vec4 v0x5faf76ef4ba0_0;
    %load/vec4 v0x5faf76f42680_0;
    %sub;
    %store/vec4 v0x5faf76f42760_0, 0, 4;
    %jmp T_0.9;
T_0.9 ;
    %pop/vec4 1;
    %jmp T_0;
    .thread T_0, $push;
    .scope S_0x5faf76f1aaf0;
T_1 ;
    %pushi/vec4 0, 0, 3;
    %store/vec4 v0x5faf76f42c90_0, 0, 3;
    %pushi/vec4 2, 0, 4;
    %store/vec4 v0x5faf76f429e0_0, 0, 4;
    %pushi/vec4 6, 0, 4;
    %store/vec4 v0x5faf76f42ac0_0, 0, 4;
    %delay 5, 0;
    %pushi/vec4 1, 0, 3;
    %store/vec4 v0x5faf76f42c90_0, 0, 3;
    %pushi/vec4 1, 0, 4;
    %store/vec4 v0x5faf76f429e0_0, 0, 4;
    %pushi/vec4 8, 0, 4;
    %store/vec4 v0x5faf76f42ac0_0, 0, 4;
    %delay 5, 0;
    %pushi/vec4 2, 0, 3;
    %store/vec4 v0x5faf76f42c90_0, 0, 3;
    %pushi/vec4 10, 0, 4;
    %store/vec4 v0x5faf76f429e0_0, 0, 4;
    %pushi/vec4 5, 0, 4;
    %store/vec4 v0x5faf76f42ac0_0, 0, 4;
    %delay 5, 0;
    %pushi/vec4 3, 0, 3;
    %store/vec4 v0x5faf76f42c90_0, 0, 3;
    %pushi/vec4 12, 0, 4;
    %store/vec4 v0x5faf76f429e0_0, 0, 4;
    %pushi/vec4 6, 0, 4;
    %store/vec4 v0x5faf76f42ac0_0, 0, 4;
    %delay 5, 0;
    %end;
    .thread T_1;
    .scope S_0x5faf76f1aaf0;
T_2 ;
    %vpi_call 2 40 "$dumpfile", "temp/alu.vcd" {0 0 0};
    %vpi_call 2 41 "$dumpvars", 32'sb00000000000000000000000000000000, S_0x5faf76f1aaf0 {0 0 0};
    %end;
    .thread T_2;
# The file index is used to find the file name in the following table.
:file_names 4;
    "N/A";
    "<interactive>";
    "/home/sheikhzaid/Verilog/verilog_practice_tasks/Combination/alu/tb/alu_tb.v";
    "/home/sheikhzaid/Verilog/verilog_practice_tasks/Combination/alu/src/alu.v";
