#! /usr/bin/vvp
:ivl_version "11.0 (stable)";
:ivl_delay_selection "TYPICAL";
:vpi_time_precision + 0;
:vpi_module "/usr/lib/x86_64-linux-gnu/ivl/system.vpi";
:vpi_module "/usr/lib/x86_64-linux-gnu/ivl/vhdl_sys.vpi";
:vpi_module "/usr/lib/x86_64-linux-gnu/ivl/vhdl_textio.vpi";
:vpi_module "/usr/lib/x86_64-linux-gnu/ivl/v2005_math.vpi";
:vpi_module "/usr/lib/x86_64-linux-gnu/ivl/va_math.vpi";
S_0x617ae45917e0 .scope module, "blocking_tb" "blocking_tb" 2 1;
 .timescale 0 0;
v0x617ae456d350_0 .var/2u *"_ivl_0", 3 0; Local signal
v0x617ae456d7b0_0 .var/2u *"_ivl_1", 3 0; Local signal
v0x617ae456dba0_0 .var/2u *"_ivl_2", 3 0; Local signal
v0x617ae45b40a0_0 .var "a", 3 0;
v0x617ae45b4180_0 .var "b", 3 0;
v0x617ae45b42b0_0 .var "c", 3 0;
    .scope S_0x617ae45917e0;
T_0 ;
    %pushi/vec4 1, 0, 4;
    %store/vec4 v0x617ae456d350_0, 0, 4;
    %pushi/vec4 3, 0, 64;
    %ix/vec4 4;
    %delayx 4;
    %load/vec4 v0x617ae456d350_0;
    %store/vec4 v0x617ae45b40a0_0, 0, 4;
    %pushi/vec4 2, 0, 4;
    %store/vec4 v0x617ae456d7b0_0, 0, 4;
    %pushi/vec4 5, 0, 64;
    %ix/vec4 4;
    %delayx 4;
    %load/vec4 v0x617ae456d7b0_0;
    %store/vec4 v0x617ae45b4180_0, 0, 4;
    %pushi/vec4 3, 0, 4;
    %store/vec4 v0x617ae456dba0_0, 0, 4;
    %pushi/vec4 10, 0, 64;
    %ix/vec4 4;
    %delayx 4;
    %load/vec4 v0x617ae456dba0_0;
    %store/vec4 v0x617ae45b42b0_0, 0, 4;
    %end;
    .thread T_0;
    .scope S_0x617ae45917e0;
T_1 ;
    %vpi_call 2 11 "$dumpfile", "blocking.vcd" {0 0 0};
    %vpi_call 2 12 "$dumpvars", 32'sb00000000000000000000000000000000, S_0x617ae45917e0 {0 0 0};
    %end;
    .thread T_1;
# The file index is used to find the file name in the following table.
:file_names 3;
    "N/A";
    "<interactive>";
    "blocking_tb.v";
