#! /usr/bin/vvp
:ivl_version "11.0 (stable)";
:ivl_delay_selection "TYPICAL";
:vpi_time_precision + 0;
:vpi_module "/usr/lib/x86_64-linux-gnu/ivl/system.vpi";
:vpi_module "/usr/lib/x86_64-linux-gnu/ivl/vhdl_sys.vpi";
:vpi_module "/usr/lib/x86_64-linux-gnu/ivl/vhdl_textio.vpi";
:vpi_module "/usr/lib/x86_64-linux-gnu/ivl/v2005_math.vpi";
:vpi_module "/usr/lib/x86_64-linux-gnu/ivl/va_math.vpi";
S_0x5b4f6a8a7dc0 .scope module, "buffer_tb" "buffer_tb" 2 1;
 .timescale 0 0;
v0x5b4f6a8f2660_0 .var "a_tb", 1 0;
v0x5b4f6a8f2720_0 .net "b_tb", 1 0, L_0x5b4f6a8f2a10;  1 drivers
v0x5b4f6a8f27f0_0 .var "en_tb", 0 0;
S_0x5b4f6a8a7f50 .scope module, "u_buffer0" "buffer" 2 6, 3 1 0, S_0x5b4f6a8a7dc0;
 .timescale 0 0;
    .port_info 0 /INPUT 2 "a";
    .port_info 1 /INPUT 1 "en";
    .port_info 2 /OUTPUT 2 "b";
v0x5b4f6a8e2140_0 .net *"_ivl_1", 0 0, L_0x5b4f6a8f28f0;  1 drivers
L_0x799ef663d018 .functor BUFT 1, C4<00>, C4<0>, C4<0>, C4<0>;
v0x5b4f6a8f2250_0 .net/2u *"_ivl_2", 1 0, L_0x799ef663d018;  1 drivers
v0x5b4f6a8f2330_0 .net "a", 1 0, v0x5b4f6a8f2660_0;  1 drivers
v0x5b4f6a8f23f0_0 .net "b", 1 0, L_0x5b4f6a8f2a10;  alias, 1 drivers
v0x5b4f6a8f24d0_0 .net "en", 0 0, v0x5b4f6a8f27f0_0;  1 drivers
L_0x5b4f6a8f28f0 .reduce/nor v0x5b4f6a8f27f0_0;
L_0x5b4f6a8f2a10 .functor MUXZ 2, L_0x799ef663d018, v0x5b4f6a8f2660_0, L_0x5b4f6a8f28f0, C4<>;
    .scope S_0x5b4f6a8a7dc0;
T_0 ;
    %pushi/vec4 2, 0, 2;
    %store/vec4 v0x5b4f6a8f2660_0, 0, 2;
    %pushi/vec4 1, 0, 1;
    %store/vec4 v0x5b4f6a8f27f0_0, 0, 1;
    %delay 5, 0;
    %pushi/vec4 2, 0, 2;
    %store/vec4 v0x5b4f6a8f2660_0, 0, 2;
    %pushi/vec4 0, 0, 1;
    %store/vec4 v0x5b4f6a8f27f0_0, 0, 1;
    %delay 5, 0;
    %end;
    .thread T_0;
    .scope S_0x5b4f6a8a7dc0;
T_1 ;
    %vpi_call 2 22 "$dumpfile", "buffer.vcd" {0 0 0};
    %vpi_call 2 23 "$dumpvars", 32'sb00000000000000000000000000000000, S_0x5b4f6a8a7dc0 {0 0 0};
    %end;
    .thread T_1;
# The file index is used to find the file name in the following table.
:file_names 4;
    "N/A";
    "<interactive>";
    "buffer_tb.v";
    "buffer.v";
