#! /usr/bin/vvp
:ivl_version "11.0 (stable)";
:ivl_delay_selection "TYPICAL";
:vpi_time_precision + 0;
:vpi_module "/usr/lib/x86_64-linux-gnu/ivl/system.vpi";
:vpi_module "/usr/lib/x86_64-linux-gnu/ivl/vhdl_sys.vpi";
:vpi_module "/usr/lib/x86_64-linux-gnu/ivl/vhdl_textio.vpi";
:vpi_module "/usr/lib/x86_64-linux-gnu/ivl/v2005_math.vpi";
:vpi_module "/usr/lib/x86_64-linux-gnu/ivl/va_math.vpi";
S_0x5866ff1e1df0 .scope module, "non_blocking_tb" "non_blocking_tb" 2 1;
 .timescale 0 0;
v0x5866ff1e3350_0 .var "a", 3 0;
v0x5866ff1e37b0_0 .var "b", 3 0;
v0x5866ff1e3ba0_0 .var "c", 3 0;
    .scope S_0x5866ff1e1df0;
T_0 ;
    %pushi/vec4 1, 0, 4;
    %assign/vec4 v0x5866ff1e3350_0, 3;
    %pushi/vec4 2, 0, 4;
    %assign/vec4 v0x5866ff1e37b0_0, 5;
    %pushi/vec4 3, 0, 4;
    %assign/vec4 v0x5866ff1e3ba0_0, 10;
    %end;
    .thread T_0;
    .scope S_0x5866ff1e1df0;
T_1 ;
    %vpi_call 2 11 "$dumpfile", "non_blocking.vcd" {0 0 0};
    %vpi_call 2 12 "$dumpvars", 32'sb00000000000000000000000000000000, S_0x5866ff1e1df0 {0 0 0};
    %end;
    .thread T_1;
# The file index is used to find the file name in the following table.
:file_names 3;
    "N/A";
    "<interactive>";
    "non_blocking_tb.v";
