#! /usr/bin/vvp
:ivl_version "11.0 (stable)";
:ivl_delay_selection "TYPICAL";
:vpi_time_precision + 0;
:vpi_module "/usr/lib/x86_64-linux-gnu/ivl/system.vpi";
:vpi_module "/usr/lib/x86_64-linux-gnu/ivl/vhdl_sys.vpi";
:vpi_module "/usr/lib/x86_64-linux-gnu/ivl/vhdl_textio.vpi";
:vpi_module "/usr/lib/x86_64-linux-gnu/ivl/v2005_math.vpi";
:vpi_module "/usr/lib/x86_64-linux-gnu/ivl/va_math.vpi";
S_0x589e27fe6dc0 .scope module, "d_flipflop_tb" "d_flipflop_tb" 2 1;
 .timescale 0 0;
v0x589e28033510_0 .var "clk_tb", 0 0;
v0x589e280335d0_0 .var "d_tb", 3 0;
v0x589e280336a0_0 .net "q_tb", 3 0, v0x589e280332b0_0;  1 drivers
v0x589e280337a0_0 .var "rst_tb", 0 0;
S_0x589e27fe6f50 .scope module, "u_d_flipflop" "d_flipflop" 2 7, 3 1 0, S_0x589e27fe6dc0;
 .timescale 0 0;
    .port_info 0 /INPUT 1 "rst";
    .port_info 1 /INPUT 1 "clk";
    .port_info 2 /INPUT 4 "d";
    .port_info 3 /OUTPUT 4 "q";
v0x589e27fe87b0_0 .net "clk", 0 0, v0x589e28033510_0;  1 drivers
v0x589e27fe8ba0_0 .net "d", 3 0, v0x589e280335d0_0;  1 drivers
v0x589e280332b0_0 .var "q", 3 0;
v0x589e280333a0_0 .net "rst", 0 0, v0x589e280337a0_0;  1 drivers
E_0x589e28023060 .event posedge, v0x589e27fe87b0_0;
    .scope S_0x589e27fe6f50;
T_0 ;
    %wait E_0x589e28023060;
    %load/vec4 v0x589e280333a0_0;
    %flag_set/vec4 8;
    %jmp/0xz  T_0.0, 8;
    %pushi/vec4 0, 0, 4;
    %assign/vec4 v0x589e280332b0_0, 0;
    %jmp T_0.1;
T_0.0 ;
    %load/vec4 v0x589e27fe8ba0_0;
    %assign/vec4 v0x589e280332b0_0, 0;
T_0.1 ;
    %jmp T_0;
    .thread T_0;
    .scope S_0x589e27fe6dc0;
T_1 ;
    %pushi/vec4 0, 0, 1;
    %store/vec4 v0x589e280337a0_0, 0, 1;
    %pushi/vec4 0, 0, 1;
    %store/vec4 v0x589e28033510_0, 0, 1;
    %pushi/vec4 2, 0, 4;
    %store/vec4 v0x589e280335d0_0, 0, 4;
    %delay 20, 0;
    %pushi/vec4 3, 0, 4;
    %store/vec4 v0x589e280335d0_0, 0, 4;
    %delay 50, 0;
    %pushi/vec4 1, 0, 1;
    %store/vec4 v0x589e280337a0_0, 0, 1;
    %delay 190, 0;
    %vpi_call 2 23 "$finish" {0 0 0};
    %end;
    .thread T_1;
    .scope S_0x589e27fe6dc0;
T_2 ;
    %vpi_call 2 27 "$dumpfile", "temp/d_ff.vcd" {0 0 0};
    %vpi_call 2 28 "$dumpvars", 32'sb00000000000000000000000000000000, S_0x589e27fe6dc0 {0 0 0};
    %end;
    .thread T_2;
    .scope S_0x589e27fe6dc0;
T_3 ;
    %delay 5, 0;
    %load/vec4 v0x589e28033510_0;
    %nor/r;
    %store/vec4 v0x589e28033510_0, 0, 1;
    %jmp T_3;
    .thread T_3;
# The file index is used to find the file name in the following table.
:file_names 4;
    "N/A";
    "<interactive>";
    "/home/sheikhzaid/MyTasks/Verilog/Sequential/d-flipflop/tb/d_ff_tb.v";
    "/home/sheikhzaid/MyTasks/Verilog/Sequential/d-flipflop/src/d_ff.v";
